# JRE version: Java(TM) SE Runtime Environment (7.0_71-b14) (build 1.7.0_71-b14)
# Java VM: Java HotSpot(TM) 64-Bit Server VM (24.71-b01 mixed mode windows-amd64 compressed oops)
Heap
 PSYoungGen      total 222720K, used 102599K [0x00000000eaa80000, 0x00000000fa280000, 0x0000000100000000)
  eden space 203264K, 45% used [0x00000000eaa80000,0x00000000f04d36a0,0x00000000f7100000)
  from space 19456K, 51% used [0x00000000f7100000,0x00000000f7ade6e8,0x00000000f8400000)
  to   space 18944K, 0% used [0x00000000f9000000,0x00000000f9000000,0x00000000fa280000)
 ParOldGen       total 110592K, used 64003K [0x00000000c0000000, 0x00000000c6c00000, 0x00000000eaa80000)
  object space 110592K, 57% used [0x00000000c0000000,0x00000000c3e80d70,0x00000000c6c00000)
 PSPermGen       total 108032K, used 77045K [0x00000000a8000000, 0x00000000ae980000, 0x00000000c0000000)
  object space 108032K, 71% used [0x00000000a8000000,0x00000000acb3d520,0x00000000ae980000)
GC Heap History (10 events):
Event: 33.641 GC heap before
{Heap before GC invocations=20 (full 3):
 PSYoungGen      total 194048K, used 12752K [0x00000000eaa80000, 0x00000000f9800000, 0x0000000100000000)
  eden space 173056K, 0% used [0x00000000eaa80000,0x00000000eaa80000,0x00000000f5380000)
  from space 20992K, 60% used [0x00000000f5380000,0x00000000f5ff41f8,0x00000000f6800000)
  to   space 21504K, 0% used [0x00000000f8300000,0x00000000f8300000,0x00000000f9800000)
 ParOldGen       total 74240K, used 66861K [0x00000000c0000000, 0x00000000c4880000, 0x00000000eaa80000)
  object space 74240K, 90% used [0x00000000c0000000,0x00000000c414b748,0x00000000c4880000)
 PSPermGen       total 87552K, used 74147K [0x00000000a8000000, 0x00000000ad580000, 0x00000000c0000000)
  object space 87552K, 84% used [0x00000000a8000000,0x00000000ac868fa8,0x00000000ad580000)
Event: 34.178 GC heap after
Heap after GC invocations=20 (full 3):
 PSYoungGen      total 194048K, used 0K [0x00000000eaa80000, 0x00000000f9800000, 0x0000000100000000)
  eden space 173056K, 0% used [0x00000000eaa80000,0x00000000eaa80000,0x00000000f5380000)
  from space 20992K, 0% used [0x00000000f5380000,0x00000000f5380000,0x00000000f6800000)
  to   space 21504K, 0% used [0x00000000f8300000,0x00000000f8300000,0x00000000f9800000)
 ParOldGen       total 110592K, used 64003K [0x00000000c0000000, 0x00000000c6c00000, 0x00000000eaa80000)
  object space 110592K, 57% used [0x00000000c0000000,0x00000000c3e80d70,0x00000000c6c00000)
 PSPermGen       total 108032K, used 74135K [0x00000000a8000000, 0x00000000ae980000, 0x00000000c0000000)
  object space 108032K, 68% used [0x00000000a8000000,0x00000000ac865f28,0x00000000ae980000)
}
Event: 38.107 GC heap before
{Heap before GC invocations=21 (full 3):
 PSYoungGen      total 194048K, used 173056K [0x00000000eaa80000, 0x00000000f9800000, 0x0000000100000000)
  eden space 173056K, 100% used [0x00000000eaa80000,0x00000000f5380000,0x00000000f5380000)
  from space 20992K, 0% used [0x00000000f5380000,0x00000000f5380000,0x00000000f6800000)
  to   space 21504K, 0% used [0x00000000f8300000,0x00000000f8300000,0x00000000f9800000)
 ParOldGen       total 110592K, used 64003K [0x00000000c0000000, 0x00000000c6c00000, 0x00000000eaa80000)
  object space 110592K, 57% used [0x00000000c0000000,0x00000000c3e80d70,0x00000000c6c00000)
 PSPermGen       total 108032K, used 75648K [0x00000000a8000000, 0x00000000ae980000, 0x00000000c0000000)
  object space 108032K, 70% used [0x00000000a8000000,0x00000000ac9e00c0,0x00000000ae980000)
Event: 38.121 GC heap after
Heap after GC invocations=21 (full 3):
 PSYoungGen      total 199168K, used 3337K [0x00000000eaa80000, 0x00000000f8c80000, 0x0000000100000000)
  eden space 189440K, 0% used [0x00000000eaa80000,0x00000000eaa80000,0x00000000f6380000)
  from space 9728K, 34% used [0x00000000f8300000,0x00000000f8642630,0x00000000f8c80000)
  to   space 20992K, 0% used [0x00000000f6380000,0x00000000f6380000,0x00000000f7800000)
 ParOldGen       total 110592K, used 64003K [0x00000000c0000000, 0x00000000c6c00000, 0x00000000eaa80000)
  object space 110592K, 57% used [0x00000000c0000000,0x00000000c3e80d70,0x00000000c6c00000)
 PSPermGen       total 108032K, used 75648K [0x00000000a8000000, 0x00000000ae980000, 0x00000000c0000000)
  object space 108032K, 70% used [0x00000000a8000000,0x00000000ac9e00c0,0x00000000ae980000)
}
Event: 41.508 GC heap before
{Heap before GC invocations=22 (full 3):
 PSYoungGen      total 199168K, used 192777K [0x00000000eaa80000, 0x00000000f8c80000, 0x0000000100000000)
  eden space 189440K, 100% used [0x00000000eaa80000,0x00000000f6380000,0x00000000f6380000)
  from space 9728K, 34% used [0x00000000f8300000,0x00000000f8642630,0x00000000f8c80000)
  to   space 20992K, 0% used [0x00000000f6380000,0x00000000f6380000,0x00000000f7800000)
 ParOldGen       total 110592K, used 64003K [0x00000000c0000000, 0x00000000c6c00000, 0x00000000eaa80000)
  object space 110592K, 57% used [0x00000000c0000000,0x00000000c3e80d70,0x00000000c6c00000)
 PSPermGen       total 108032K, used 75737K [0x00000000a8000000, 0x00000000ae980000, 0x00000000c0000000)
  object space 108032K, 70% used [0x00000000a8000000,0x00000000ac9f6690,0x00000000ae980000)
Event: 41.525 GC heap after
Heap after GC invocations=22 (full 3):
 PSYoungGen      total 210432K, used 5825K [0x00000000eaa80000, 0x00000000f9b00000, 0x0000000100000000)
  eden space 189440K, 0% used [0x00000000eaa80000,0x00000000eaa80000,0x00000000f6380000)
  from space 20992K, 27% used [0x00000000f6380000,0x00000000f69306e8,0x00000000f7800000)
  to   space 20480K, 0% used [0x00000000f8700000,0x00000000f8700000,0x00000000f9b00000)
 ParOldGen       total 110592K, used 64003K [0x00000000c0000000, 0x00000000c6c00000, 0x00000000eaa80000)
  object space 110592K, 57% used [0x00000000c0000000,0x00000000c3e80d70,0x00000000c6c00000)
 PSPermGen       total 108032K, used 75737K [0x00000000a8000000, 0x00000000ae980000, 0x00000000c0000000)
  object space 108032K, 70% used [0x00000000a8000000,0x00000000ac9f6690,0x00000000ae980000)
}
Event: 45.098 GC heap before
{Heap before GC invocations=23 (full 3):
 PSYoungGen      total 210432K, used 195265K [0x00000000eaa80000, 0x00000000f9b00000, 0x0000000100000000)
  eden space 189440K, 100% used [0x00000000eaa80000,0x00000000f6380000,0x00000000f6380000)
  from space 20992K, 27% used [0x00000000f6380000,0x00000000f69306e8,0x00000000f7800000)
  to   space 20480K, 0% used [0x00000000f8700000,0x00000000f8700000,0x00000000f9b00000)
 ParOldGen       total 110592K, used 64003K [0x00000000c0000000, 0x00000000c6c00000, 0x00000000eaa80000)
  object space 110592K, 57% used [0x00000000c0000000,0x00000000c3e80d70,0x00000000c6c00000)
 PSPermGen       total 108032K, used 76017K [0x00000000a8000000, 0x00000000ae980000, 0x00000000c0000000)
  object space 108032K, 70% used [0x00000000a8000000,0x00000000aca3c4b0,0x00000000ae980000)
Event: 45.116 GC heap after
Heap after GC invocations=23 (full 3):
 PSYoungGen      total 219648K, used 7715K [0x00000000eaa80000, 0x00000000f9700000, 0x0000000100000000)
  eden space 203264K, 0% used [0x00000000eaa80000,0x00000000eaa80000,0x00000000f7100000)
  from space 16384K, 47% used [0x00000000f8700000,0x00000000f8e88c98,0x00000000f9700000)
  to   space 19456K, 0% used [0x00000000f7100000,0x00000000f7100000,0x00000000f8400000)
 ParOldGen       total 110592K, used 64003K [0x00000000c0000000, 0x00000000c6c00000, 0x00000000eaa80000)
  object space 110592K, 57% used [0x00000000c0000000,0x00000000c3e80d70,0x00000000c6c00000)
 PSPermGen       total 108032K, used 76017K [0x00000000a8000000, 0x00000000ae980000, 0x00000000c0000000)
  object space 108032K, 70% used [0x00000000a8000000,0x00000000aca3c4b0,0x00000000ae980000)
}
Event: 53.140 GC heap before
{Heap before GC invocations=24 (full 3):
 PSYoungGen      total 219648K, used 210979K [0x00000000eaa80000, 0x00000000f9700000, 0x0000000100000000)
  eden space 203264K, 100% used [0x00000000eaa80000,0x00000000f7100000,0x00000000f7100000)
  from space 16384K, 47% used [0x00000000f8700000,0x00000000f8e88c98,0x00000000f9700000)
  to   space 19456K, 0% used [0x00000000f7100000,0x00000000f7100000,0x00000000f8400000)
 ParOldGen       total 110592K, used 64003K [0x00000000c0000000, 0x00000000c6c00000, 0x00000000eaa80000)
  object space 110592K, 57% used [0x00000000c0000000,0x00000000c3e80d70,0x00000000c6c00000)
 PSPermGen       total 108032K, used 77017K [0x00000000a8000000, 0x00000000ae980000, 0x00000000c0000000)
  object space 108032K, 71% used [0x00000000a8000000,0x00000000acb36410,0x00000000ae980000)
Event: 53.168 GC heap after
Heap after GC invocations=24 (full 3):
 PSYoungGen      total 222720K, used 10105K [0x00000000eaa80000, 0x00000000fa280000, 0x0000000100000000)
  eden space 203264K, 0% used [0x00000000eaa80000,0x00000000eaa80000,0x00000000f7100000)
  from space 19456K, 51% used [0x00000000f7100000,0x00000000f7ade6e8,0x00000000f8400000)
  to   space 18944K, 0% used [0x00000000f9000000,0x00000000f9000000,0x00000000fa280000)
 ParOldGen       total 110592K, used 64003K [0x00000000c0000000, 0x00000000c6c00000, 0x00000000eaa80000)
  object space 110592K, 57% used [0x00000000c0000000,0x00000000c3e80d70,0x00000000c6c00000)
 PSPermGen       total 108032K, used 77017K [0x00000000a8000000, 0x00000000ae980000, 0x00000000c0000000)
  object space 108032K, 71% used [0x00000000a8000000,0x00000000acb36410,0x00000000ae980000)
}

